{"E:\\workspace\\front-end\\tennis\\src\\match.ts": {"path":"E:\\workspace\\front-end\\tennis\\src\\match.ts","statementMap":{"0":{"start":{"line":1,"column":18},"end":{"line":1,"column":29}},"1":{"start":{"line":2,"column":14},"end":{"line":2,"column":21}},"2":{"start":{"line":3,"column":24},"end":{"line":3,"column":51}},"3":{"start":{"line":13,"column":24},"end":{"line":13,"column":39}},"4":{"start":{"line":13,"column":49},"end":{"line":13,"column":64}},"5":{"start":{"line":5,"column":4},"end":{"line":5,"column":29}},"6":{"start":{"line":6,"column":4},"end":{"line":6,"column":29}},"7":{"start":{"line":7,"column":4},"end":{"line":7,"column":33}},"8":{"start":{"line":8,"column":4},"end":{"line":8,"column":33}},"9":{"start":{"line":9,"column":4},"end":{"line":9,"column":32}},"10":{"start":{"line":10,"column":4},"end":{"line":10,"column":31}},"11":{"start":{"line":11,"column":4},"end":{"line":11,"column":31}},"12":{"start":{"line":16,"column":8},"end":{"line":29,"column":9}},"13":{"start":{"line":17,"column":12},"end":{"line":21,"column":13}},"14":{"start":{"line":18,"column":16},"end":{"line":18,"column":36}},"15":{"start":{"line":20,"column":16},"end":{"line":20,"column":36}},"16":{"start":{"line":24,"column":12},"end":{"line":28,"column":13}},"17":{"start":{"line":25,"column":16},"end":{"line":25,"column":46}},"18":{"start":{"line":27,"column":16},"end":{"line":27,"column":46}},"19":{"start":{"line":45,"column":8},"end":{"line":47,"column":9}},"20":{"start":{"line":46,"column":12},"end":{"line":46,"column":35}},"21":{"start":{"line":48,"column":8},"end":{"line":50,"column":9}},"22":{"start":{"line":49,"column":12},"end":{"line":49,"column":92}},"23":{"start":{"line":51,"column":8},"end":{"line":53,"column":9}},"24":{"start":{"line":52,"column":12},"end":{"line":52,"column":50}},"25":{"start":{"line":55,"column":8},"end":{"line":55,"column":116}},"26":{"start":{"line":59,"column":8},"end":{"line":62,"column":9}},"27":{"start":{"line":60,"column":12},"end":{"line":60,"column":47}},"28":{"start":{"line":61,"column":12},"end":{"line":61,"column":24}},"29":{"start":{"line":63,"column":8},"end":{"line":66,"column":9}},"30":{"start":{"line":64,"column":12},"end":{"line":64,"column":47}},"31":{"start":{"line":65,"column":12},"end":{"line":65,"column":23}},"32":{"start":{"line":67,"column":8},"end":{"line":67,"column":21}},"33":{"start":{"line":71,"column":8},"end":{"line":77,"column":9}},"34":{"start":{"line":72,"column":12},"end":{"line":72,"column":24}},"35":{"start":{"line":73,"column":15},"end":{"line":77,"column":9}},"36":{"start":{"line":74,"column":12},"end":{"line":74,"column":24}},"37":{"start":{"line":76,"column":12},"end":{"line":76,"column":25}},"38":{"start":{"line":81,"column":8},"end":{"line":89,"column":9}},"39":{"start":{"line":82,"column":12},"end":{"line":82,"column":47}},"40":{"start":{"line":83,"column":12},"end":{"line":83,"column":24}},"41":{"start":{"line":84,"column":15},"end":{"line":89,"column":9}},"42":{"start":{"line":85,"column":12},"end":{"line":85,"column":47}},"43":{"start":{"line":86,"column":12},"end":{"line":86,"column":24}},"44":{"start":{"line":88,"column":12},"end":{"line":88,"column":25}},"45":{"start":{"line":93,"column":8},"end":{"line":93,"column":108}},"46":{"start":{"line":97,"column":8},"end":{"line":98,"column":24}},"47":{"start":{"line":98,"column":12},"end":{"line":98,"column":24}},"48":{"start":{"line":99,"column":8},"end":{"line":100,"column":24}},"49":{"start":{"line":100,"column":12},"end":{"line":100,"column":24}},"50":{"start":{"line":101,"column":8},"end":{"line":101,"column":21}},"51":{"start":{"line":105,"column":8},"end":{"line":109,"column":9}},"52":{"start":{"line":106,"column":12},"end":{"line":106,"column":32}},"53":{"start":{"line":108,"column":12},"end":{"line":108,"column":32}},"54":{"start":{"line":113,"column":8},"end":{"line":117,"column":9}},"55":{"start":{"line":114,"column":12},"end":{"line":114,"column":32}},"56":{"start":{"line":116,"column":12},"end":{"line":116,"column":32}},"57":{"start":{"line":122,"column":8},"end":{"line":125,"column":9}},"58":{"start":{"line":123,"column":12},"end":{"line":123,"column":47}},"59":{"start":{"line":124,"column":12},"end":{"line":124,"column":24}},"60":{"start":{"line":126,"column":8},"end":{"line":129,"column":9}},"61":{"start":{"line":127,"column":12},"end":{"line":127,"column":47}},"62":{"start":{"line":128,"column":12},"end":{"line":128,"column":24}},"63":{"start":{"line":130,"column":8},"end":{"line":130,"column":21}},"64":{"start":{"line":134,"column":8},"end":{"line":138,"column":9}},"65":{"start":{"line":135,"column":12},"end":{"line":135,"column":36}},"66":{"start":{"line":137,"column":12},"end":{"line":137,"column":36}},"67":{"start":{"line":142,"column":8},"end":{"line":151,"column":9}},"68":{"start":{"line":144,"column":16},"end":{"line":144,"column":27}},"69":{"start":{"line":146,"column":16},"end":{"line":146,"column":28}},"70":{"start":{"line":148,"column":16},"end":{"line":148,"column":28}},"71":{"start":{"line":150,"column":16},"end":{"line":150,"column":28}},"72":{"start":{"line":155,"column":8},"end":{"line":155,"column":67}},"73":{"start":{"line":4,"column":0},"end":{"line":157,"column":1}}},"fnMap":{"0":{"name":"(anonymous_0)","decl":{"start":{"line":13,"column":4},"end":{"line":13,"column":23}},"loc":{"start":{"line":13,"column":64},"end":{"line":13,"column":69}}},"1":{"name":"(anonymous_1)","decl":{"start":{"line":15,"column":4},"end":{"line":15,"column":13}},"loc":{"start":{"line":15,"column":29},"end":{"line":32,"column":5}}},"2":{"name":"(anonymous_2)","decl":{"start":{"line":34,"column":4},"end":{"line":34,"column":8}},"loc":{"start":{"line":34,"column":9},"end":{"line":56,"column":5}}},"3":{"name":"(anonymous_3)","decl":{"start":{"line":58,"column":4},"end":{"line":58,"column":18}},"loc":{"start":{"line":58,"column":19},"end":{"line":68,"column":5}}},"4":{"name":"(anonymous_4)","decl":{"start":{"line":70,"column":4},"end":{"line":70,"column":23}},"loc":{"start":{"line":70,"column":24},"end":{"line":78,"column":5}}},"5":{"name":"(anonymous_5)","decl":{"start":{"line":80,"column":4},"end":{"line":80,"column":25}},"loc":{"start":{"line":80,"column":26},"end":{"line":90,"column":5}}},"6":{"name":"(anonymous_6)","decl":{"start":{"line":92,"column":4},"end":{"line":92,"column":10}},"loc":{"start":{"line":92,"column":11},"end":{"line":94,"column":5}}},"7":{"name":"(anonymous_7)","decl":{"start":{"line":96,"column":4},"end":{"line":96,"column":14}},"loc":{"start":{"line":96,"column":15},"end":{"line":102,"column":5}}},"8":{"name":"(anonymous_8)","decl":{"start":{"line":104,"column":4},"end":{"line":104,"column":25}},"loc":{"start":{"line":104,"column":26},"end":{"line":110,"column":5}}},"9":{"name":"(anonymous_9)","decl":{"start":{"line":112,"column":4},"end":{"line":112,"column":37}},"loc":{"start":{"line":112,"column":38},"end":{"line":118,"column":5}}},"10":{"name":"(anonymous_10)","decl":{"start":{"line":121,"column":4},"end":{"line":121,"column":13}},"loc":{"start":{"line":121,"column":14},"end":{"line":131,"column":5}}},"11":{"name":"(anonymous_11)","decl":{"start":{"line":133,"column":4},"end":{"line":133,"column":18}},"loc":{"start":{"line":133,"column":34},"end":{"line":139,"column":5}}},"12":{"name":"(anonymous_12)","decl":{"start":{"line":141,"column":4},"end":{"line":141,"column":12}},"loc":{"start":{"line":141,"column":27},"end":{"line":152,"column":5}}},"13":{"name":"(anonymous_13)","decl":{"start":{"line":154,"column":4},"end":{"line":154,"column":11}},"loc":{"start":{"line":154,"column":12},"end":{"line":156,"column":5}}}},"branchMap":{"0":{"loc":{"start":{"line":16,"column":8},"end":{"line":29,"column":9}},"type":"if","locations":[{"start":{"line":16,"column":8},"end":{"line":29,"column":9}},{"start":{"line":16,"column":8},"end":{"line":29,"column":9}}]},"1":{"loc":{"start":{"line":17,"column":12},"end":{"line":21,"column":13}},"type":"if","locations":[{"start":{"line":17,"column":12},"end":{"line":21,"column":13}},{"start":{"line":17,"column":12},"end":{"line":21,"column":13}}]},"2":{"loc":{"start":{"line":24,"column":12},"end":{"line":28,"column":13}},"type":"if","locations":[{"start":{"line":24,"column":12},"end":{"line":28,"column":13}},{"start":{"line":24,"column":12},"end":{"line":28,"column":13}}]},"3":{"loc":{"start":{"line":45,"column":8},"end":{"line":47,"column":9}},"type":"if","locations":[{"start":{"line":45,"column":8},"end":{"line":47,"column":9}},{"start":{"line":45,"column":8},"end":{"line":47,"column":9}}]},"4":{"loc":{"start":{"line":48,"column":8},"end":{"line":50,"column":9}},"type":"if","locations":[{"start":{"line":48,"column":8},"end":{"line":50,"column":9}},{"start":{"line":48,"column":8},"end":{"line":50,"column":9}}]},"5":{"loc":{"start":{"line":51,"column":8},"end":{"line":53,"column":9}},"type":"if","locations":[{"start":{"line":51,"column":8},"end":{"line":53,"column":9}},{"start":{"line":51,"column":8},"end":{"line":53,"column":9}}]},"6":{"loc":{"start":{"line":59,"column":8},"end":{"line":62,"column":9}},"type":"if","locations":[{"start":{"line":59,"column":8},"end":{"line":62,"column":9}},{"start":{"line":59,"column":8},"end":{"line":62,"column":9}}]},"7":{"loc":{"start":{"line":59,"column":12},"end":{"line":59,"column":44}},"type":"binary-expr","locations":[{"start":{"line":59,"column":12},"end":{"line":59,"column":44}},{"start":{"line":59,"column":48},"end":{"line":59,"column":110}}]},"8":{"loc":{"start":{"line":63,"column":8},"end":{"line":66,"column":9}},"type":"if","locations":[{"start":{"line":63,"column":8},"end":{"line":66,"column":9}},{"start":{"line":63,"column":8},"end":{"line":66,"column":9}}]},"9":{"loc":{"start":{"line":63,"column":12},"end":{"line":63,"column":44}},"type":"binary-expr","locations":[{"start":{"line":63,"column":12},"end":{"line":63,"column":44}},{"start":{"line":63,"column":48},"end":{"line":63,"column":110}}]},"10":{"loc":{"start":{"line":71,"column":8},"end":{"line":77,"column":9}},"type":"if","locations":[{"start":{"line":71,"column":8},"end":{"line":77,"column":9}},{"start":{"line":71,"column":8},"end":{"line":77,"column":9}}]},"11":{"loc":{"start":{"line":71,"column":12},"end":{"line":71,"column":34}},"type":"binary-expr","locations":[{"start":{"line":71,"column":12},"end":{"line":71,"column":34}},{"start":{"line":71,"column":38},"end":{"line":71,"column":80}}]},"12":{"loc":{"start":{"line":73,"column":15},"end":{"line":77,"column":9}},"type":"if","locations":[{"start":{"line":73,"column":15},"end":{"line":77,"column":9}},{"start":{"line":73,"column":15},"end":{"line":77,"column":9}}]},"13":{"loc":{"start":{"line":73,"column":19},"end":{"line":73,"column":41}},"type":"binary-expr","locations":[{"start":{"line":73,"column":19},"end":{"line":73,"column":41}},{"start":{"line":73,"column":45},"end":{"line":73,"column":87}}]},"14":{"loc":{"start":{"line":81,"column":8},"end":{"line":89,"column":9}},"type":"if","locations":[{"start":{"line":81,"column":8},"end":{"line":89,"column":9}},{"start":{"line":81,"column":8},"end":{"line":89,"column":9}}]},"15":{"loc":{"start":{"line":81,"column":12},"end":{"line":81,"column":34}},"type":"binary-expr","locations":[{"start":{"line":81,"column":12},"end":{"line":81,"column":34}},{"start":{"line":81,"column":38},"end":{"line":81,"column":80}}]},"16":{"loc":{"start":{"line":84,"column":15},"end":{"line":89,"column":9}},"type":"if","locations":[{"start":{"line":84,"column":15},"end":{"line":89,"column":9}},{"start":{"line":84,"column":15},"end":{"line":89,"column":9}}]},"17":{"loc":{"start":{"line":84,"column":19},"end":{"line":84,"column":41}},"type":"binary-expr","locations":[{"start":{"line":84,"column":19},"end":{"line":84,"column":41}},{"start":{"line":84,"column":45},"end":{"line":84,"column":87}}]},"18":{"loc":{"start":{"line":93,"column":16},"end":{"line":93,"column":38}},"type":"binary-expr","locations":[{"start":{"line":93,"column":16},"end":{"line":93,"column":38}},{"start":{"line":93,"column":42},"end":{"line":93,"column":64}},{"start":{"line":93,"column":69},"end":{"line":93,"column":107}}]},"19":{"loc":{"start":{"line":97,"column":8},"end":{"line":98,"column":24}},"type":"if","locations":[{"start":{"line":97,"column":8},"end":{"line":98,"column":24}},{"start":{"line":97,"column":8},"end":{"line":98,"column":24}}]},"20":{"loc":{"start":{"line":97,"column":12},"end":{"line":97,"column":34}},"type":"binary-expr","locations":[{"start":{"line":97,"column":12},"end":{"line":97,"column":34}},{"start":{"line":97,"column":38},"end":{"line":97,"column":80}}]},"21":{"loc":{"start":{"line":99,"column":8},"end":{"line":100,"column":24}},"type":"if","locations":[{"start":{"line":99,"column":8},"end":{"line":100,"column":24}},{"start":{"line":99,"column":8},"end":{"line":100,"column":24}}]},"22":{"loc":{"start":{"line":99,"column":12},"end":{"line":99,"column":34}},"type":"binary-expr","locations":[{"start":{"line":99,"column":12},"end":{"line":99,"column":34}},{"start":{"line":99,"column":38},"end":{"line":99,"column":80}}]},"23":{"loc":{"start":{"line":105,"column":8},"end":{"line":109,"column":9}},"type":"if","locations":[{"start":{"line":105,"column":8},"end":{"line":109,"column":9}},{"start":{"line":105,"column":8},"end":{"line":109,"column":9}}]},"24":{"loc":{"start":{"line":113,"column":8},"end":{"line":117,"column":9}},"type":"if","locations":[{"start":{"line":113,"column":8},"end":{"line":117,"column":9}},{"start":{"line":113,"column":8},"end":{"line":117,"column":9}}]},"25":{"loc":{"start":{"line":122,"column":8},"end":{"line":125,"column":9}},"type":"if","locations":[{"start":{"line":122,"column":8},"end":{"line":125,"column":9}},{"start":{"line":122,"column":8},"end":{"line":125,"column":9}}]},"26":{"loc":{"start":{"line":122,"column":12},"end":{"line":122,"column":34}},"type":"binary-expr","locations":[{"start":{"line":122,"column":12},"end":{"line":122,"column":34}},{"start":{"line":122,"column":38},"end":{"line":122,"column":80}}]},"27":{"loc":{"start":{"line":126,"column":8},"end":{"line":129,"column":9}},"type":"if","locations":[{"start":{"line":126,"column":8},"end":{"line":129,"column":9}},{"start":{"line":126,"column":8},"end":{"line":129,"column":9}}]},"28":{"loc":{"start":{"line":126,"column":12},"end":{"line":126,"column":34}},"type":"binary-expr","locations":[{"start":{"line":126,"column":12},"end":{"line":126,"column":34}},{"start":{"line":126,"column":38},"end":{"line":126,"column":80}}]},"29":{"loc":{"start":{"line":134,"column":8},"end":{"line":138,"column":9}},"type":"if","locations":[{"start":{"line":134,"column":8},"end":{"line":138,"column":9}},{"start":{"line":134,"column":8},"end":{"line":138,"column":9}}]},"30":{"loc":{"start":{"line":143,"column":12},"end":{"line":144,"column":27}},"type":"switch","locations":[{"start":{"line":143,"column":12},"end":{"line":144,"column":27}},{"start":{"line":145,"column":12},"end":{"line":146,"column":28}},{"start":{"line":147,"column":12},"end":{"line":148,"column":28}},{"start":{"line":149,"column":12},"end":{"line":150,"column":28}}]}},"s":{"0":1,"1":1,"2":1,"3":9,"4":9,"5":9,"6":9,"7":9,"8":9,"9":9,"10":9,"11":9,"12":32,"13":32,"14":16,"15":16,"16":0,"17":0,"18":0,"19":17,"20":4,"21":13,"22":2,"23":11,"24":2,"25":9,"26":0,"27":0,"28":0,"29":0,"30":0,"31":0,"32":0,"33":0,"34":0,"35":0,"36":0,"37":0,"38":0,"39":0,"40":0,"41":0,"42":0,"43":0,"44":0,"45":11,"46":13,"47":1,"48":12,"49":1,"50":11,"51":2,"52":1,"53":1,"54":0,"55":0,"56":0,"57":17,"58":2,"59":2,"60":15,"61":2,"62":2,"63":13,"64":4,"65":2,"66":2,"67":18,"68":6,"69":8,"70":0,"71":4,"72":17,"73":1},"f":{"0":9,"1":32,"2":17,"3":0,"4":0,"5":0,"6":11,"7":13,"8":2,"9":0,"10":17,"11":4,"12":18,"13":17},"b":{"0":[32,0],"1":[16,16],"2":[0,0],"3":[4,13],"4":[2,11],"5":[2,9],"6":[0,0],"7":[0,0],"8":[0,0],"9":[0,0],"10":[0,0],"11":[0,0],"12":[0,0],"13":[0,0],"14":[0,0],"15":[0,0],"16":[0,0],"17":[0,0],"18":[11,4,4],"19":[1,12],"20":[13,6],"21":[1,11],"22":[12,5],"23":[1,1],"24":[0,0],"25":[2,15],"26":[17,3],"27":[2,13],"28":[15,3],"29":[2,2],"30":[6,8,0,4]}}
}
