TN:
SF:E:\workspace\front-end\tennis\src\match.ts
FN:13,(anonymous_0)
FN:15,(anonymous_1)
FN:34,(anonymous_2)
FN:58,(anonymous_3)
FN:70,(anonymous_4)
FN:80,(anonymous_5)
FN:92,(anonymous_6)
FN:96,(anonymous_7)
FN:104,(anonymous_8)
FN:112,(anonymous_9)
FN:121,(anonymous_10)
FN:133,(anonymous_11)
FN:141,(anonymous_12)
FN:154,(anonymous_13)
FNF:14
FNH:10
FNDA:9,(anonymous_0)
FNDA:32,(anonymous_1)
FNDA:17,(anonymous_2)
FNDA:0,(anonymous_3)
FNDA:0,(anonymous_4)
FNDA:0,(anonymous_5)
FNDA:11,(anonymous_6)
FNDA:13,(anonymous_7)
FNDA:2,(anonymous_8)
FNDA:0,(anonymous_9)
FNDA:17,(anonymous_10)
FNDA:4,(anonymous_11)
FNDA:18,(anonymous_12)
FNDA:17,(anonymous_13)
DA:1,1
DA:2,1
DA:3,1
DA:4,1
DA:5,9
DA:6,9
DA:7,9
DA:8,9
DA:9,9
DA:10,9
DA:11,9
DA:13,9
DA:16,32
DA:17,32
DA:18,16
DA:20,16
DA:24,0
DA:25,0
DA:27,0
DA:45,17
DA:46,4
DA:48,13
DA:49,2
DA:51,11
DA:52,2
DA:55,9
DA:59,0
DA:60,0
DA:61,0
DA:63,0
DA:64,0
DA:65,0
DA:67,0
DA:71,0
DA:72,0
DA:73,0
DA:74,0
DA:76,0
DA:81,0
DA:82,0
DA:83,0
DA:84,0
DA:85,0
DA:86,0
DA:88,0
DA:93,11
DA:97,13
DA:98,1
DA:99,12
DA:100,1
DA:101,11
DA:105,2
DA:106,1
DA:108,1
DA:113,0
DA:114,0
DA:116,0
DA:122,17
DA:123,2
DA:124,2
DA:126,15
DA:127,2
DA:128,2
DA:130,13
DA:134,4
DA:135,2
DA:137,2
DA:142,18
DA:144,6
DA:146,8
DA:148,0
DA:150,4
DA:155,17
LF:73
LH:47
BRDA:16,0,0,32
BRDA:16,0,1,0
BRDA:17,1,0,16
BRDA:17,1,1,16
BRDA:24,2,0,0
BRDA:24,2,1,0
BRDA:45,3,0,4
BRDA:45,3,1,13
BRDA:48,4,0,2
BRDA:48,4,1,11
BRDA:51,5,0,2
BRDA:51,5,1,9
BRDA:59,6,0,0
BRDA:59,6,1,0
BRDA:59,7,0,0
BRDA:59,7,1,0
BRDA:63,8,0,0
BRDA:63,8,1,0
BRDA:63,9,0,0
BRDA:63,9,1,0
BRDA:71,10,0,0
BRDA:71,10,1,0
BRDA:71,11,0,0
BRDA:71,11,1,0
BRDA:73,12,0,0
BRDA:73,12,1,0
BRDA:73,13,0,0
BRDA:73,13,1,0
BRDA:81,14,0,0
BRDA:81,14,1,0
BRDA:81,15,0,0
BRDA:81,15,1,0
BRDA:84,16,0,0
BRDA:84,16,1,0
BRDA:84,17,0,0
BRDA:84,17,1,0
BRDA:93,18,0,11
BRDA:93,18,1,4
BRDA:93,18,2,4
BRDA:97,19,0,1
BRDA:97,19,1,12
BRDA:97,20,0,13
BRDA:97,20,1,6
BRDA:99,21,0,1
BRDA:99,21,1,11
BRDA:99,22,0,12
BRDA:99,22,1,5
BRDA:105,23,0,1
BRDA:105,23,1,1
BRDA:113,24,0,0
BRDA:113,24,1,0
BRDA:122,25,0,2
BRDA:122,25,1,15
BRDA:122,26,0,17
BRDA:122,26,1,3
BRDA:126,27,0,2
BRDA:126,27,1,13
BRDA:126,28,0,15
BRDA:126,28,1,3
BRDA:134,29,0,2
BRDA:134,29,1,2
BRDA:143,30,0,6
BRDA:143,30,1,8
BRDA:143,30,2,0
BRDA:143,30,3,4
BRF:65
BRH:35
end_of_record
